<?xml version="1.0" encoding="UTF-8"?>
<coverage generated="1733618417379" clover="3.2.0">
  <project timestamp="1733618417379" name="All files">
    <metrics statements="43" coveredstatements="40" conditionals="19" coveredconditionals="13" methods="9" coveredmethods="9" elements="71" coveredelements="62" complexity="0" loc="43" ncloc="43" packages="1" files="2" classes="2"/>
    <file name="LoginPage.jsx" path="C:\Users\odagh\Desktop\d424\frontend\src\pages\LoginPage.jsx">
      <metrics statements="23" coveredstatements="20" conditionals="10" coveredconditionals="6" methods="4" coveredmethods="4"/>
      <line num="5" count="1" type="cond" truecount="1" falsecount="1"/>
      <line num="7" count="1" type="stmt"/>
      <line num="8" count="15" type="stmt"/>
      <line num="9" count="15" type="stmt"/>
      <line num="10" count="15" type="stmt"/>
      <line num="12" count="15" type="stmt"/>
      <line num="14" count="15" type="stmt"/>
      <line num="15" count="2" type="stmt"/>
      <line num="16" count="2" type="stmt"/>
      <line num="17" count="2" type="stmt"/>
      <line num="23" count="1" type="stmt"/>
      <line num="26" count="1" type="stmt"/>
      <line num="28" count="1" type="stmt"/>
      <line num="29" count="1" type="stmt"/>
      <line num="30" count="1" type="stmt"/>
      <line num="33" count="1" type="cond" truecount="1" falsecount="1"/>
      <line num="34" count="1" type="stmt"/>
      <line num="35" count="0" type="cond" truecount="0" falsecount="2"/>
      <line num="36" count="0" type="stmt"/>
      <line num="38" count="0" type="stmt"/>
      <line num="43" count="15" type="stmt"/>
      <line num="61" count="4" type="stmt"/>
      <line num="77" count="4" type="stmt"/>
    </file>
    <file name="SignupPage.jsx" path="C:\Users\odagh\Desktop\d424\frontend\src\pages\SignupPage.jsx">
      <metrics statements="20" coveredstatements="20" conditionals="9" coveredconditionals="7" methods="5" coveredmethods="5"/>
      <line num="5" count="1" type="cond" truecount="1" falsecount="1"/>
      <line num="7" count="1" type="stmt"/>
      <line num="8" count="20" type="stmt"/>
      <line num="9" count="20" type="stmt"/>
      <line num="10" count="20" type="stmt"/>
      <line num="11" count="20" type="stmt"/>
      <line num="13" count="20" type="stmt"/>
      <line num="15" count="20" type="stmt"/>
      <line num="16" count="2" type="stmt"/>
      <line num="17" count="2" type="stmt"/>
      <line num="18" count="2" type="stmt"/>
      <line num="24" count="1" type="stmt"/>
      <line num="25" count="1" type="stmt"/>
      <line num="26" count="1" type="stmt"/>
      <line num="27" count="1" type="stmt"/>
      <line num="29" count="1" type="cond" truecount="1" falsecount="1"/>
      <line num="33" count="20" type="stmt"/>
      <line num="51" count="4" type="stmt"/>
      <line num="67" count="4" type="stmt"/>
      <line num="83" count="4" type="stmt"/>
    </file>
  </project>
</coverage>
