<?xml version="1.0" encoding="UTF-8"?>
<coverage generated="1732139525657" clover="3.2.0">
  <project timestamp="1732139525657" name="All files">
    <metrics statements="30" coveredstatements="30" conditionals="8" coveredconditionals="6" methods="9" coveredmethods="9" elements="47" coveredelements="45" complexity="0" loc="30" ncloc="30" packages="1" files="2" classes="2"/>
    <file name="LoginPage.jsx" path="C:\Users\odagh\Desktop\d424-software-engineering-capstone\frontend\src\pages\LoginPage.jsx">
      <metrics statements="14" coveredstatements="14" conditionals="4" coveredconditionals="3" methods="4" coveredmethods="4"/>
      <line num="4" count="1" type="stmt"/>
      <line num="5" count="9" type="stmt"/>
      <line num="6" count="9" type="stmt"/>
      <line num="7" count="9" type="stmt"/>
      <line num="9" count="9" type="stmt"/>
      <line num="10" count="2" type="stmt"/>
      <line num="11" count="2" type="stmt"/>
      <line num="12" count="2" type="stmt"/>
      <line num="16" count="1" type="stmt"/>
      <line num="17" count="1" type="stmt"/>
      <line num="19" count="1" type="cond" truecount="1" falsecount="1"/>
      <line num="23" count="9" type="stmt"/>
      <line num="41" count="2" type="stmt"/>
      <line num="57" count="2" type="stmt"/>
    </file>
    <file name="SignupPage.jsx" path="C:\Users\odagh\Desktop\d424-software-engineering-capstone\frontend\src\pages\SignupPage.jsx">
      <metrics statements="16" coveredstatements="16" conditionals="4" coveredconditionals="3" methods="5" coveredmethods="5"/>
      <line num="4" count="1" type="stmt"/>
      <line num="5" count="11" type="stmt"/>
      <line num="6" count="11" type="stmt"/>
      <line num="7" count="11" type="stmt"/>
      <line num="8" count="11" type="stmt"/>
      <line num="10" count="11" type="stmt"/>
      <line num="11" count="2" type="stmt"/>
      <line num="12" count="2" type="stmt"/>
      <line num="13" count="2" type="stmt"/>
      <line num="18" count="1" type="stmt"/>
      <line num="19" count="1" type="stmt"/>
      <line num="21" count="1" type="cond" truecount="1" falsecount="1"/>
      <line num="25" count="11" type="stmt"/>
      <line num="43" count="2" type="stmt"/>
      <line num="59" count="2" type="stmt"/>
      <line num="75" count="2" type="stmt"/>
    </file>
  </project>
</coverage>
