{"C:\\Users\\odagh\\Desktop\\d424-software-engineering-capstone\\frontend\\src\\pages\\LoginPage.jsx": {"path":"C:\\Users\\odagh\\Desktop\\d424-software-engineering-capstone\\frontend\\src\\pages\\LoginPage.jsx","statementMap":{"0":{"start":{"line":4,"column":18},"end":{"line":77,"column":1}},"1":{"start":{"line":5,"column":28},"end":{"line":5,"column":40}},"2":{"start":{"line":6,"column":34},"end":{"line":6,"column":46}},"3":{"start":{"line":7,"column":28},"end":{"line":7,"column":40}},"4":{"start":{"line":9,"column":23},"end":{"line":21,"column":3}},"5":{"start":{"line":10,"column":4},"end":{"line":10,"column":23}},"6":{"start":{"line":11,"column":4},"end":{"line":20,"column":5}},"7":{"start":{"line":12,"column":23},"end":{"line":15,"column":8}},"8":{"start":{"line":16,"column":6},"end":{"line":16,"column":31}},"9":{"start":{"line":17,"column":6},"end":{"line":17,"column":19}},"10":{"start":{"line":19,"column":6},"end":{"line":19,"column":64}},"11":{"start":{"line":23,"column":2},"end":{"line":76,"column":4}},"12":{"start":{"line":41,"column":35},"end":{"line":41,"column":59}},"13":{"start":{"line":57,"column":35},"end":{"line":57,"column":62}}},"fnMap":{"0":{"name":"(anonymous_0)","decl":{"start":{"line":4,"column":18},"end":{"line":4,"column":19}},"loc":{"start":{"line":4,"column":46},"end":{"line":77,"column":1}},"line":4},"1":{"name":"(anonymous_1)","decl":{"start":{"line":9,"column":23},"end":{"line":9,"column":24}},"loc":{"start":{"line":9,"column":36},"end":{"line":21,"column":3}},"line":9},"2":{"name":"(anonymous_2)","decl":{"start":{"line":41,"column":28},"end":{"line":41,"column":29}},"loc":{"start":{"line":41,"column":35},"end":{"line":41,"column":59}},"line":41},"3":{"name":"(anonymous_3)","decl":{"start":{"line":57,"column":28},"end":{"line":57,"column":29}},"loc":{"start":{"line":57,"column":35},"end":{"line":57,"column":62}},"line":57}},"branchMap":{"0":{"loc":{"start":{"line":19,"column":15},"end":{"line":19,"column":62}},"type":"binary-expr","locations":[{"start":{"line":19,"column":15},"end":{"line":19,"column":44}},{"start":{"line":19,"column":48},"end":{"line":19,"column":62}}],"line":19},"1":{"loc":{"start":{"line":61,"column":13},"end":{"line":63,"column":13}},"type":"binary-expr","locations":[{"start":{"line":61,"column":13},"end":{"line":61,"column":18}},{"start":{"line":62,"column":14},"end":{"line":62,"column":74}}],"line":61}},"s":{"0":1,"1":9,"2":9,"3":9,"4":9,"5":2,"6":2,"7":2,"8":1,"9":1,"10":1,"11":9,"12":2,"13":2},"f":{"0":9,"1":2,"2":2,"3":2},"b":{"0":[1,0],"1":[9,1]},"_coverageSchema":"1a1c01bbd47fc00a2c39e90264f33305004495a9","hash":"808cd03b8f1f83b8cfd5f17eca50fab31608dc85"}
,"C:\\Users\\odagh\\Desktop\\d424-software-engineering-capstone\\frontend\\src\\pages\\SignupPage.jsx": {"path":"C:\\Users\\odagh\\Desktop\\d424-software-engineering-capstone\\frontend\\src\\pages\\SignupPage.jsx","statementMap":{"0":{"start":{"line":4,"column":19},"end":{"line":95,"column":1}},"1":{"start":{"line":5,"column":26},"end":{"line":5,"column":38}},"2":{"start":{"line":6,"column":28},"end":{"line":6,"column":40}},"3":{"start":{"line":7,"column":34},"end":{"line":7,"column":46}},"4":{"start":{"line":8,"column":28},"end":{"line":8,"column":40}},"5":{"start":{"line":10,"column":23},"end":{"line":23,"column":3}},"6":{"start":{"line":11,"column":4},"end":{"line":11,"column":23}},"7":{"start":{"line":12,"column":4},"end":{"line":22,"column":5}},"8":{"start":{"line":13,"column":23},"end":{"line":17,"column":8}},"9":{"start":{"line":18,"column":6},"end":{"line":18,"column":31}},"10":{"start":{"line":19,"column":6},"end":{"line":19,"column":19}},"11":{"start":{"line":21,"column":6},"end":{"line":21,"column":67}},"12":{"start":{"line":25,"column":2},"end":{"line":94,"column":4}},"13":{"start":{"line":43,"column":35},"end":{"line":43,"column":58}},"14":{"start":{"line":59,"column":35},"end":{"line":59,"column":59}},"15":{"start":{"line":75,"column":35},"end":{"line":75,"column":62}}},"fnMap":{"0":{"name":"(anonymous_0)","decl":{"start":{"line":4,"column":19},"end":{"line":4,"column":20}},"loc":{"start":{"line":4,"column":47},"end":{"line":95,"column":1}},"line":4},"1":{"name":"(anonymous_1)","decl":{"start":{"line":10,"column":23},"end":{"line":10,"column":24}},"loc":{"start":{"line":10,"column":36},"end":{"line":23,"column":3}},"line":10},"2":{"name":"(anonymous_2)","decl":{"start":{"line":43,"column":28},"end":{"line":43,"column":29}},"loc":{"start":{"line":43,"column":35},"end":{"line":43,"column":58}},"line":43},"3":{"name":"(anonymous_3)","decl":{"start":{"line":59,"column":28},"end":{"line":59,"column":29}},"loc":{"start":{"line":59,"column":35},"end":{"line":59,"column":59}},"line":59},"4":{"name":"(anonymous_4)","decl":{"start":{"line":75,"column":28},"end":{"line":75,"column":29}},"loc":{"start":{"line":75,"column":35},"end":{"line":75,"column":62}},"line":75}},"branchMap":{"0":{"loc":{"start":{"line":21,"column":15},"end":{"line":21,"column":65}},"type":"binary-expr","locations":[{"start":{"line":21,"column":15},"end":{"line":21,"column":42}},{"start":{"line":21,"column":46},"end":{"line":21,"column":65}}],"line":21},"1":{"loc":{"start":{"line":79,"column":13},"end":{"line":81,"column":13}},"type":"binary-expr","locations":[{"start":{"line":79,"column":13},"end":{"line":79,"column":18}},{"start":{"line":80,"column":14},"end":{"line":80,"column":74}}],"line":79}},"s":{"0":1,"1":11,"2":11,"3":11,"4":11,"5":11,"6":2,"7":2,"8":2,"9":1,"10":1,"11":1,"12":11,"13":2,"14":2,"15":2},"f":{"0":11,"1":2,"2":2,"3":2,"4":2},"b":{"0":[1,0],"1":[11,1]},"_coverageSchema":"1a1c01bbd47fc00a2c39e90264f33305004495a9","hash":"e6735fc8f90293a59272b898754b5e4bb7397b84"}
}
