{"C:\\Users\\odagh\\Desktop\\d424\\frontend\\src\\pages\\LoginPage.jsx": {"path":"C:\\Users\\odagh\\Desktop\\d424\\frontend\\src\\pages\\LoginPage.jsx","statementMap":{"0":{"start":{"line":5,"column":16},"end":{"line":5,"column":67}},"1":{"start":{"line":7,"column":18},"end":{"line":106,"column":1}},"2":{"start":{"line":8,"column":28},"end":{"line":8,"column":40}},"3":{"start":{"line":9,"column":34},"end":{"line":9,"column":46}},"4":{"start":{"line":10,"column":28},"end":{"line":10,"column":40}},"5":{"start":{"line":12,"column":19},"end":{"line":12,"column":32}},"6":{"start":{"line":14,"column":23},"end":{"line":41,"column":3}},"7":{"start":{"line":15,"column":4},"end":{"line":15,"column":23}},"8":{"start":{"line":16,"column":4},"end":{"line":40,"column":5}},"9":{"start":{"line":17,"column":23},"end":{"line":20,"column":8}},"10":{"start":{"line":23,"column":24},"end":{"line":23,"column":37}},"11":{"start":{"line":26,"column":6},"end":{"line":26,"column":43}},"12":{"start":{"line":28,"column":6},"end":{"line":28,"column":31}},"13":{"start":{"line":29,"column":6},"end":{"line":29,"column":19}},"14":{"start":{"line":30,"column":6},"end":{"line":30,"column":20}},"15":{"start":{"line":33,"column":6},"end":{"line":39,"column":7}},"16":{"start":{"line":34,"column":8},"end":{"line":34,"column":46}},"17":{"start":{"line":35,"column":13},"end":{"line":39,"column":7}},"18":{"start":{"line":36,"column":8},"end":{"line":36,"column":53}},"19":{"start":{"line":38,"column":8},"end":{"line":38,"column":68}},"20":{"start":{"line":43,"column":2},"end":{"line":105,"column":4}},"21":{"start":{"line":61,"column":35},"end":{"line":61,"column":59}},"22":{"start":{"line":77,"column":35},"end":{"line":77,"column":62}}},"fnMap":{"0":{"name":"(anonymous_0)","decl":{"start":{"line":7,"column":18},"end":{"line":7,"column":19}},"loc":{"start":{"line":7,"column":46},"end":{"line":106,"column":1}},"line":7},"1":{"name":"(anonymous_1)","decl":{"start":{"line":14,"column":23},"end":{"line":14,"column":24}},"loc":{"start":{"line":14,"column":36},"end":{"line":41,"column":3}},"line":14},"2":{"name":"(anonymous_2)","decl":{"start":{"line":61,"column":28},"end":{"line":61,"column":29}},"loc":{"start":{"line":61,"column":35},"end":{"line":61,"column":59}},"line":61},"3":{"name":"(anonymous_3)","decl":{"start":{"line":77,"column":28},"end":{"line":77,"column":29}},"loc":{"start":{"line":77,"column":35},"end":{"line":77,"column":62}},"line":77}},"branchMap":{"0":{"loc":{"start":{"line":5,"column":16},"end":{"line":5,"column":67}},"type":"binary-expr","locations":[{"start":{"line":5,"column":16},"end":{"line":5,"column":40}},{"start":{"line":5,"column":44},"end":{"line":5,"column":67}}],"line":5},"1":{"loc":{"start":{"line":33,"column":6},"end":{"line":39,"column":7}},"type":"if","locations":[{"start":{"line":33,"column":6},"end":{"line":39,"column":7}},{"start":{"line":35,"column":13},"end":{"line":39,"column":7}}],"line":33},"2":{"loc":{"start":{"line":35,"column":13},"end":{"line":39,"column":7}},"type":"if","locations":[{"start":{"line":35,"column":13},"end":{"line":39,"column":7}},{"start":{"line":37,"column":13},"end":{"line":39,"column":7}}],"line":35},"3":{"loc":{"start":{"line":81,"column":13},"end":{"line":88,"column":13}},"type":"binary-expr","locations":[{"start":{"line":81,"column":13},"end":{"line":81,"column":18}},{"start":{"line":82,"column":14},"end":{"line":87,"column":18}}],"line":81},"4":{"loc":{"start":{"line":93,"column":26},"end":{"line":93,"column":45}},"type":"binary-expr","locations":[{"start":{"line":93,"column":26},"end":{"line":93,"column":32}},{"start":{"line":93,"column":36},"end":{"line":93,"column":45}}],"line":93}},"s":{"0":1,"1":1,"2":15,"3":15,"4":15,"5":15,"6":15,"7":2,"8":2,"9":2,"10":1,"11":1,"12":1,"13":1,"14":1,"15":1,"16":1,"17":0,"18":0,"19":0,"20":15,"21":4,"22":4},"f":{"0":15,"1":2,"2":4,"3":4},"b":{"0":[1,0],"1":[1,0],"2":[0,0],"3":[15,1],"4":[15,9]},"_coverageSchema":"1a1c01bbd47fc00a2c39e90264f33305004495a9","hash":"1851277d144884d2e2f1ed1f60f7aed86d8bb910"}
,"C:\\Users\\odagh\\Desktop\\d424\\frontend\\src\\pages\\SignupPage.jsx": {"path":"C:\\Users\\odagh\\Desktop\\d424\\frontend\\src\\pages\\SignupPage.jsx","statementMap":{"0":{"start":{"line":5,"column":16},"end":{"line":5,"column":67}},"1":{"start":{"line":7,"column":19},"end":{"line":109,"column":1}},"2":{"start":{"line":8,"column":26},"end":{"line":8,"column":38}},"3":{"start":{"line":9,"column":28},"end":{"line":9,"column":40}},"4":{"start":{"line":10,"column":34},"end":{"line":10,"column":46}},"5":{"start":{"line":11,"column":28},"end":{"line":11,"column":40}},"6":{"start":{"line":13,"column":19},"end":{"line":13,"column":32}},"7":{"start":{"line":15,"column":23},"end":{"line":31,"column":3}},"8":{"start":{"line":16,"column":4},"end":{"line":16,"column":23}},"9":{"start":{"line":17,"column":4},"end":{"line":30,"column":5}},"10":{"start":{"line":18,"column":23},"end":{"line":22,"column":8}},"11":{"start":{"line":24,"column":6},"end":{"line":24,"column":57}},"12":{"start":{"line":25,"column":6},"end":{"line":25,"column":31}},"13":{"start":{"line":26,"column":6},"end":{"line":26,"column":19}},"14":{"start":{"line":27,"column":6},"end":{"line":27,"column":20}},"15":{"start":{"line":29,"column":6},"end":{"line":29,"column":67}},"16":{"start":{"line":33,"column":2},"end":{"line":108,"column":4}},"17":{"start":{"line":51,"column":35},"end":{"line":51,"column":58}},"18":{"start":{"line":67,"column":35},"end":{"line":67,"column":59}},"19":{"start":{"line":83,"column":35},"end":{"line":83,"column":62}}},"fnMap":{"0":{"name":"(anonymous_0)","decl":{"start":{"line":7,"column":19},"end":{"line":7,"column":20}},"loc":{"start":{"line":7,"column":47},"end":{"line":109,"column":1}},"line":7},"1":{"name":"(anonymous_1)","decl":{"start":{"line":15,"column":23},"end":{"line":15,"column":24}},"loc":{"start":{"line":15,"column":36},"end":{"line":31,"column":3}},"line":15},"2":{"name":"(anonymous_2)","decl":{"start":{"line":51,"column":28},"end":{"line":51,"column":29}},"loc":{"start":{"line":51,"column":35},"end":{"line":51,"column":58}},"line":51},"3":{"name":"(anonymous_3)","decl":{"start":{"line":67,"column":28},"end":{"line":67,"column":29}},"loc":{"start":{"line":67,"column":35},"end":{"line":67,"column":59}},"line":67},"4":{"name":"(anonymous_4)","decl":{"start":{"line":83,"column":28},"end":{"line":83,"column":29}},"loc":{"start":{"line":83,"column":35},"end":{"line":83,"column":62}},"line":83}},"branchMap":{"0":{"loc":{"start":{"line":5,"column":16},"end":{"line":5,"column":67}},"type":"binary-expr","locations":[{"start":{"line":5,"column":16},"end":{"line":5,"column":40}},{"start":{"line":5,"column":44},"end":{"line":5,"column":67}}],"line":5},"1":{"loc":{"start":{"line":29,"column":15},"end":{"line":29,"column":65}},"type":"binary-expr","locations":[{"start":{"line":29,"column":15},"end":{"line":29,"column":42}},{"start":{"line":29,"column":46},"end":{"line":29,"column":65}}],"line":29},"2":{"loc":{"start":{"line":87,"column":13},"end":{"line":91,"column":13}},"type":"binary-expr","locations":[{"start":{"line":87,"column":13},"end":{"line":87,"column":18}},{"start":{"line":88,"column":14},"end":{"line":90,"column":18}}],"line":87},"3":{"loc":{"start":{"line":96,"column":26},"end":{"line":96,"column":54}},"type":"binary-expr","locations":[{"start":{"line":96,"column":26},"end":{"line":96,"column":31}},{"start":{"line":96,"column":35},"end":{"line":96,"column":41}},{"start":{"line":96,"column":45},"end":{"line":96,"column":54}}],"line":96}},"s":{"0":1,"1":1,"2":20,"3":20,"4":20,"5":20,"6":20,"7":20,"8":2,"9":2,"10":2,"11":1,"12":1,"13":1,"14":1,"15":1,"16":20,"17":4,"18":4,"19":4},"f":{"0":20,"1":2,"2":4,"3":4,"4":4},"b":{"0":[1,0],"1":[1,0],"2":[20,1],"3":[20,14,10]},"_coverageSchema":"1a1c01bbd47fc00a2c39e90264f33305004495a9","hash":"f75a9b2e7c516b5975ad35a90b9281b667010b2f"}
}
