TN:
SF:src\pages\LoginPage.jsx
FN:4,(anonymous_0)
FN:9,(anonymous_1)
FN:41,(anonymous_2)
FN:57,(anonymous_3)
FNF:4
FNH:4
FNDA:9,(anonymous_0)
FNDA:2,(anonymous_1)
FNDA:2,(anonymous_2)
FNDA:2,(anonymous_3)
DA:4,1
DA:5,9
DA:6,9
DA:7,9
DA:9,9
DA:10,2
DA:11,2
DA:12,2
DA:16,1
DA:17,1
DA:19,1
DA:23,9
DA:41,2
DA:57,2
LF:14
LH:14
BRDA:19,0,0,1
BRDA:19,0,1,0
BRDA:61,1,0,9
BRDA:61,1,1,1
BRF:4
BRH:3
end_of_record
TN:
SF:src\pages\SignupPage.jsx
FN:4,(anonymous_0)
FN:10,(anonymous_1)
FN:43,(anonymous_2)
FN:59,(anonymous_3)
FN:75,(anonymous_4)
FNF:5
FNH:5
FNDA:11,(anonymous_0)
FNDA:2,(anonymous_1)
FNDA:2,(anonymous_2)
FNDA:2,(anonymous_3)
FNDA:2,(anonymous_4)
DA:4,1
DA:5,11
DA:6,11
DA:7,11
DA:8,11
DA:10,11
DA:11,2
DA:12,2
DA:13,2
DA:18,1
DA:19,1
DA:21,1
DA:25,11
DA:43,2
DA:59,2
DA:75,2
LF:16
LH:16
BRDA:21,0,0,1
BRDA:21,0,1,0
BRDA:79,1,0,11
BRDA:79,1,1,1
BRF:4
BRH:3
end_of_record
