TN:
SF:src\pages\LoginPage.jsx
FN:7,(anonymous_0)
FN:14,(anonymous_1)
FN:61,(anonymous_2)
FN:77,(anonymous_3)
FNF:4
FNH:4
FNDA:15,(anonymous_0)
FNDA:2,(anonymous_1)
FNDA:4,(anonymous_2)
FNDA:4,(anonymous_3)
DA:5,1
DA:7,1
DA:8,15
DA:9,15
DA:10,15
DA:12,15
DA:14,15
DA:15,2
DA:16,2
DA:17,2
DA:23,1
DA:26,1
DA:28,1
DA:29,1
DA:30,1
DA:33,1
DA:34,1
DA:35,0
DA:36,0
DA:38,0
DA:43,15
DA:61,4
DA:77,4
LF:23
LH:20
BRDA:5,0,0,1
BRDA:5,0,1,0
BRDA:33,1,0,1
BRDA:33,1,1,0
BRDA:35,2,0,0
BRDA:35,2,1,0
BRDA:81,3,0,15
BRDA:81,3,1,1
BRDA:93,4,0,15
BRDA:93,4,1,9
BRF:10
BRH:6
end_of_record
TN:
SF:src\pages\SignupPage.jsx
FN:7,(anonymous_0)
FN:15,(anonymous_1)
FN:51,(anonymous_2)
FN:67,(anonymous_3)
FN:83,(anonymous_4)
FNF:5
FNH:5
FNDA:20,(anonymous_0)
FNDA:2,(anonymous_1)
FNDA:4,(anonymous_2)
FNDA:4,(anonymous_3)
FNDA:4,(anonymous_4)
DA:5,1
DA:7,1
DA:8,20
DA:9,20
DA:10,20
DA:11,20
DA:13,20
DA:15,20
DA:16,2
DA:17,2
DA:18,2
DA:24,1
DA:25,1
DA:26,1
DA:27,1
DA:29,1
DA:33,20
DA:51,4
DA:67,4
DA:83,4
LF:20
LH:20
BRDA:5,0,0,1
BRDA:5,0,1,0
BRDA:29,1,0,1
BRDA:29,1,1,0
BRDA:87,2,0,20
BRDA:87,2,1,1
BRDA:96,3,0,20
BRDA:96,3,1,14
BRDA:96,3,2,10
BRF:9
BRH:7
end_of_record
